<?xml version="1.0" encoding="UTF-8"?>
<!-- Generated by org.testng.reporters.JUnitXMLReporter -->
<testsuite hostname="CPN-IT-ANIKUMAR" ignored="0" name="Load Pay Test Cases" tests="1" failures="0" timestamp="02 Mar 2018 07:07:41 GMT" time="0.033" errors="0">
  <testcase name="@BeforeMethod setUp" time="0.006" classname="com.lp.qa.testcases.CarrierLoginTest">
    <failure type="java.lang.NullPointerException">
      <![CDATA[java.lang.NullPointerException
	at com.lp.qa.base.TestBase.initialization(TestBase.java:59)
	at com.lp.qa.testcases.CarrierLoginTest.setUp(CarrierLoginTest.java:25)
... Removed 27 stack frames]]>
    </failure>
  </testcase> <!-- @BeforeMethod setUp -->
  <testcase name="loginTest" time="0.0" classname="com.lp.qa.testcases.CarrierLoginTest">
    <skipped/>
  </testcase> <!-- loginTest -->
</testsuite> <!-- Load Pay Test Cases -->
