<?xml version="1.0" encoding="UTF-8"?>
<testng-results skipped="0" failed="0" ignored="0" total="1" passed="1">
  <reporter-output>
  </reporter-output>
  <suite name="Rate Analysis Application Test Automation Test Suite" duration-ms="33186" started-at="2018-03-02T03:23:44Z" finished-at="2018-03-02T03:24:17Z">
    <groups>
    </groups>
    <test name="Rate Analysis Test Cases" duration-ms="33186" started-at="2018-03-02T03:23:44Z" finished-at="2018-03-02T03:24:17Z">
      <class name="com.ra.qa.testcases.LoginTest">
        <test-method status="PASS" signature="setUp()[pri:0, instance:com.ra.qa.testcases.LoginTest@553f17c]" name="setUp" is-config="true" duration-ms="10458" started-at="2018-03-02T08:53:44Z" finished-at="2018-03-02T08:53:54Z">
          <reporter-output>
          </reporter-output>
        </test-method> <!-- setUp -->
        <test-method status="PASS" signature="loginTest()[pri:1, instance:com.ra.qa.testcases.LoginTest@553f17c]" name="loginTest" duration-ms="22050" started-at="2018-03-02T08:53:54Z" finished-at="2018-03-02T08:54:16Z">
          <reporter-output>
          </reporter-output>
        </test-method> <!-- loginTest -->
        <test-method status="PASS" signature="tearDown()[pri:0, instance:com.ra.qa.testcases.LoginTest@553f17c]" name="tearDown" is-config="true" duration-ms="655" started-at="2018-03-02T08:54:16Z" finished-at="2018-03-02T08:54:17Z">
          <reporter-output>
          </reporter-output>
        </test-method> <!-- tearDown -->
      </class> <!-- com.ra.qa.testcases.LoginTest -->
    </test> <!-- Rate Analysis Test Cases -->
  </suite> <!-- Rate Analysis Application Test Automation Test Suite -->
</testng-results>
