<?xml version="1.0" encoding="UTF-8"?>
<testng-results skipped="0" failed="0" ignored="0" total="1" passed="1">
  <reporter-output>
  </reporter-output>
  <suite name="Load Pay Application Test Automation Test Suite" duration-ms="14450" started-at="2018-03-06T03:53:05Z" finished-at="2018-03-06T03:53:19Z">
    <groups>
    </groups>
    <test name="Load Pay Test Cases" duration-ms="14450" started-at="2018-03-06T03:53:05Z" finished-at="2018-03-06T03:53:19Z">
      <class name="TESTCASES.CarrierLoginTest">
        <test-method status="PASS" signature="setUp()[pri:0, instance:TESTCASES.CarrierLoginTest@553f17c]" name="setUp" is-config="true" duration-ms="7998" started-at="2018-03-06T09:23:05Z" finished-at="2018-03-06T09:23:13Z">
          <reporter-output>
          </reporter-output>
        </test-method> <!-- setUp -->
        <test-method status="PASS" signature="loginTest()[pri:1, instance:TESTCASES.CarrierLoginTest@553f17c]" name="loginTest" duration-ms="5763" started-at="2018-03-06T09:23:13Z" finished-at="2018-03-06T09:23:19Z">
          <reporter-output>
          </reporter-output>
        </test-method> <!-- loginTest -->
        <test-method status="PASS" signature="tearDown()[pri:0, instance:TESTCASES.CarrierLoginTest@553f17c]" name="tearDown" is-config="true" duration-ms="665" started-at="2018-03-06T09:23:19Z" finished-at="2018-03-06T09:23:19Z">
          <reporter-output>
          </reporter-output>
        </test-method> <!-- tearDown -->
      </class> <!-- TESTCASES.CarrierLoginTest -->
    </test> <!-- Load Pay Test Cases -->
  </suite> <!-- Load Pay Application Test Automation Test Suite -->
</testng-results>
