<?xml version="1.0" encoding="UTF-8"?>
<testng-results skipped="0" failed="0" ignored="0" total="1" passed="1">
  <reporter-output>
  </reporter-output>
  <suite name="Load Pay Application Test Automation Test Suite" duration-ms="15745" started-at="2018-03-01T06:36:30Z" finished-at="2018-03-01T06:36:46Z">
    <groups>
    </groups>
    <test name="Load Pay Test Cases" duration-ms="15745" started-at="2018-03-01T06:36:30Z" finished-at="2018-03-01T06:36:46Z">
      <class name="com.lp.qa.testcases.CarrierLoginTest">
        <test-method status="PASS" signature="setUp()[pri:0, instance:com.lp.qa.testcases.CarrierLoginTest@553f17c]" name="setUp" is-config="true" duration-ms="9885" started-at="2018-03-01T12:06:30Z" finished-at="2018-03-01T12:06:40Z">
          <reporter-output>
          </reporter-output>
        </test-method> <!-- setUp -->
        <test-method status="PASS" signature="loginTest()[pri:1, instance:com.lp.qa.testcases.CarrierLoginTest@553f17c]" name="loginTest" duration-ms="5111" started-at="2018-03-01T12:06:40Z" finished-at="2018-03-01T12:06:45Z">
          <reporter-output>
          </reporter-output>
        </test-method> <!-- loginTest -->
        <test-method status="PASS" signature="tearDown()[pri:0, instance:com.lp.qa.testcases.CarrierLoginTest@553f17c]" name="tearDown" is-config="true" duration-ms="734" started-at="2018-03-01T12:06:45Z" finished-at="2018-03-01T12:06:46Z">
          <reporter-output>
          </reporter-output>
        </test-method> <!-- tearDown -->
      </class> <!-- com.lp.qa.testcases.CarrierLoginTest -->
    </test> <!-- Load Pay Test Cases -->
  </suite> <!-- Load Pay Application Test Automation Test Suite -->
</testng-results>
